2015-10-22 15:26:00
[master 21aa629] Crontab daily push.
 1 file changed, 16 insertions(+), 5 deletions(-)
 rewrite shell/crontab.log (100%)
Already up-to-date.
To git@github.com:yooungt13/yooungt13.github.com
   e918da7..21aa629  master -> master
2015-10-22 15:27:00
[master 62e4d2e] Crontab daily push.
 1 file changed, 8 insertions(+), 16 deletions(-)
 rewrite shell/crontab.log (97%)
To git@github.com:yooungt13/yooungt13.github.com
   21aa629..62e4d2e  master -> master
2015-10-22 19:47:00
[master 1d14a6d] Crontab daily push.
 1 file changed, 7 insertions(+), 1 deletion(-)
Already up-to-date.
To git@github.com:yooungt13/yooungt13.github.com
   62e4d2e..1d14a6d  master -> master
2015-10-22 19:49:00
[master 505417b] Crontab daily push.
 1 file changed, 6 insertions(+)
Already up-to-date.
To git@github.com:yooungt13/yooungt13.github.com
   1d14a6d..505417b  master -> master
2015-10-23 10:27:00
[master bc33f0e] Crontab daily push.
 1 file changed, 6 insertions(+)
Already up-to-date.
To git@github.com:yooungt13/yooungt13.github.com
   505417b..bc33f0e  master -> master
2015-10-23 10:45:00
[master 9b69e64] Crontab daily push.
 1 file changed, 6 insertions(+)
Already up-to-date.
To git@github.com:yooungt13/yooungt13.github.com
   bc33f0e..9b69e64  master -> master
2015-10-27 08:30:01
[master 3462536] Crontab daily push.
 1 file changed, 1 insertion(+)
Already up-to-date.
To git@github.com:yooungt13/yooungt13.github.com.git
   1a68d5f..3462536  master -> master
2015-10-28 08:30:01
[master 3f9aa39] Crontab daily push.
 1 file changed, 6 insertions(+)
Warning: Permanently added the RSA host key for IP address '192.30.252.131' to the list of known hosts.
Already up-to-date.
To git@github.com:yooungt13/yooungt13.github.com.git
   3462536..3f9aa39  master -> master
2015-10-29 08:30:01
